data/d1-lexicon.js                  c52198c752b49e1fbca4280e0ef0cf4f
data/d2-lexicon.csv                 b02e37cc93293955d3fd98424a29d6c8
data/d3-reformed.csv                08e3568d81e49e057e04555e24840038
data/d4-e161.csv                    b2a706ee58091c0ae0cc0240ac60dd9a
data/d5-diff.csv                    55e932aaf4dc472cb599288dd0764198
data/d6-e161FragReordered.csv       643210f5d997643fe3a716279d35291c
data/d7-ready4hyphenation.csv       eb4211236628c8b1a69e3c978fad2dd6
data/o-concateness.csv              0925dec1a25bd1c96457c3130c913ea1
data/d1-lexicon.js                  c52198c752b49e1fbca4280e0ef0cf4f
data/d2-lexicon.csv                 b02e37cc93293955d3fd98424a29d6c8
data/d3-reformed.csv                08e3568d81e49e057e04555e24840038
data/d4-e161.csv                    b2a706ee58091c0ae0cc0240ac60dd9a
data/d5-diff.csv                    55e932aaf4dc472cb599288dd0764198
data/d6-e161FragReordered.csv       0fca0453b5e7babdc973c6a697ef56b7
data/d7-ready4hyphenation.csv       cd43c87d340a9cd887add66ec74411a7
data/o-concateness.csv              9ac43343b78980df881049682248d937
data/d1-lexicon.js                  c52198c752b49e1fbca4280e0ef0cf4f
data/d2-lexicon.csv                 b02e37cc93293955d3fd98424a29d6c8
data/d3-reformed.csv                08e3568d81e49e057e04555e24840038
data/d4-e161.csv                    b2a706ee58091c0ae0cc0240ac60dd9a
data/d5-e161Frag.csv                0fca0453b5e7babdc973c6a697ef56b7
data/d6-e161FragReordered.csv       0fca0453b5e7babdc973c6a697ef56b7
data/d7-ready4hyphenation.csv       cd43c87d340a9cd887add66ec74411a7
data/o-concateness.csv              9ac43343b78980df881049682248d937
data/d1-lexicon.js                  c52198c752b49e1fbca4280e0ef0cf4f
data/d2-lexicon.csv                 b02e37cc93293955d3fd98424a29d6c8
data/d3-reformed.csv                08e3568d81e49e057e04555e24840038
data/d4-e161.csv                    b2a706ee58091c0ae0cc0240ac60dd9a
data/d5-e161Frag.csv                0fca0453b5e7babdc973c6a697ef56b7
data/d6-e161FragReordered.csv       643210f5d997643fe3a716279d35291c
data/d7-ready4hyphenation.csv       eb4211236628c8b1a69e3c978fad2dd6
data/o-concateness.csv              0925dec1a25bd1c96457c3130c913ea1
data/d1-lexicon.js                  c52198c752b49e1fbca4280e0ef0cf4f
data/d2-lexicon.csv                 b02e37cc93293955d3fd98424a29d6c8
data/d3-reformed.csv                08e3568d81e49e057e04555e24840038
data/d4-e161.csv                    b2a706ee58091c0ae0cc0240ac60dd9a
data/d5-e161Frag.csv                0fca0453b5e7babdc973c6a697ef56b7
data/d6-e161FragReordered.csv       0fca0453b5e7babdc973c6a697ef56b7
data/d7-ready4hyphenation.csv       cd43c87d340a9cd887add66ec74411a7
data/o-concateness.csv              9ac43343b78980df881049682248d937
data/d1-lexicon.js                  c52198c752b49e1fbca4280e0ef0cf4f
data/d2-lexicon.csv                 b02e37cc93293955d3fd98424a29d6c8
data/d3-reformed.csv                08e3568d81e49e057e04555e24840038
data/d4-e161.csv                    59e4ad4ebdd419f7dc7061b7517e5ef6
data/d5-e161Frag.csv                8b51482ab49ce0b241d9334b37c38bff
data/d6-e161FragReordered.csv       be74ebe2353b21284bd498f7de91a993
data/d7-ready4hyphenation.csv       c8188271fd05c810d0c344ee62a80e69
data/o-concateness.csv              5d66d71701089d5c3b7005513a60ba78
data/d1-lexicon.js                  c52198c752b49e1fbca4280e0ef0cf4f
data/d2-lexicon.csv                 b02e37cc93293955d3fd98424a29d6c8
data/d3-reformed.csv                08e3568d81e49e057e04555e24840038
data/d4-e161.csv                    dcd1a3363402a3a886f6b5afa711b65b
data/d5-e161Frag.csv                297a500aa2477b1d4e33552ca08419c4
data/d6-e161FragReordered.csv       e3e7d3410f7734856b5b4203a60e981b
data/d7-ready4hyphenation.csv       1be9e484d1f69e6aa35add050150a32a
data/o-concateness.csv              5448b4b99c2f6dcd731148c4dd96bc07
data/d1-lexicon.js                  c52198c752b49e1fbca4280e0ef0cf4f
data/d2-lexicon.csv                 b02e37cc93293955d3fd98424a29d6c8
data/d3-reformed.csv                08e3568d81e49e057e04555e24840038
data/d4-e161.csv                    59e4ad4ebdd419f7dc7061b7517e5ef6
data/d5-e161Frag.csv                8b51482ab49ce0b241d9334b37c38bff
data/d6-e161FragReordered.csv       be74ebe2353b21284bd498f7de91a993
data/d7-ready4hyphenation.csv       c8188271fd05c810d0c344ee62a80e69
data/o-concateness.csv              5d66d71701089d5c3b7005513a60ba78
data/d1-lexicon.js                  c52198c752b49e1fbca4280e0ef0cf4f
data/d2-lexicon.csv                 b02e37cc93293955d3fd98424a29d6c8
data/d3-reformed.csv                08e3568d81e49e057e04555e24840038
data/d4-e161.csv                    7cb500c3576027ced5cb3f55a6db43f2
data/d5-e161Frag.csv                e00873f67a301aab4f0cbcbce64620eb
data/d6-e161FragReordered.csv       67d978c22a8b87e7176ac7c8f3dd7151
data/d7-ready4hyphenation.csv       0bb178de34f4ccb59a6bd0803d1a44d3
data/o-concateness.csv              a2761d7f56b1f9cba4cbb7ecee9dda53
data/d1-lexicon.js                  c52198c752b49e1fbca4280e0ef0cf4f
data/d2-lexicon.csv                 b02e37cc93293955d3fd98424a29d6c8
data/d3-reformed.csv                08e3568d81e49e057e04555e24840038
data/d4-e161.csv                    7e75723309e24bb51abc3a3e97f7a510
data/d5-e161Frag.csv                d9ecd82d0ac617b37f0285a3a9ecf6b9
data/d6-e161FragReordered.csv       d497f112474878cfea07c6398c5554df
data/d7-ready4hyphenation.csv       684202c4677aee2f45a09bc856d27b04
data/o-concateness.csv              34672638a0aa45ab65bc97656cec057e
data/d1-lexicon.js                  c52198c752b49e1fbca4280e0ef0cf4f
data/d2-lexicon.csv                 b02e37cc93293955d3fd98424a29d6c8
data/d3-reformed.csv                08e3568d81e49e057e04555e24840038
data/d4-e161.csv                    45cce5fd27858265d8ccb451d720cfbf
data/d5-e161Frag.csv                c73420b1ad24b1de739c24f1e045c71f
data/d6-e161FragReordered.csv       aac8f62ccfd5ca1633f3e753d388faaf
data/d7-ready4hyphenation.csv       3bdccbd5d2cd5927c5bafd0915b0f3fa
data/o-concateness.csv              1596b4af522cb04f81371ef08da94b9d
data/d1-lexicon.js                  c52198c752b49e1fbca4280e0ef0cf4f
data/d2-lexicon.csv                 b02e37cc93293955d3fd98424a29d6c8
data/d3-reformed.csv                08e3568d81e49e057e04555e24840038
data/d4-e161.csv                    2b01d8ecf91b1540fd1b3c84bb539839
data/d5-e161Frag.csv                e21e37fd7f6a73618d13502abdf23e80
data/d6-e161FragReordered.csv       7ce5a0bb9d2c0afa672a628b945991cb
data/d7-ready4hyphenation.csv       8c07e99a75c38dd0dd7ecd2936f2f75b
data/o-concateness.csv              18e8b57a9729a21d3f64d3871cc01e53
data/d1-lexicon.js                  c52198c752b49e1fbca4280e0ef0cf4f
data/d2-lexicon.csv                 b02e37cc93293955d3fd98424a29d6c8
data/d3-reformed.csv                08e3568d81e49e057e04555e24840038
data/d4-e161.csv                    7cb500c3576027ced5cb3f55a6db43f2
data/d5-e161Frag.csv                e00873f67a301aab4f0cbcbce64620eb
data/d6-e161FragReordered.csv       67d978c22a8b87e7176ac7c8f3dd7151
data/d7-ready4hyphenation.csv       0bb178de34f4ccb59a6bd0803d1a44d3
data/o-concateness.csv              a2761d7f56b1f9cba4cbb7ecee9dda53
data/d1-lexicon.js                  c52198c752b49e1fbca4280e0ef0cf4f
data/d2-lexicon.csv                 b02e37cc93293955d3fd98424a29d6c8
data/d3-reformed.csv                08e3568d81e49e057e04555e24840038
data/d4-e161.csv                    1140c6824dbde1ced59c820af78f93dc
data/d5-e161Frag.csv                c2b758d6c134f68b4f8d5bed27e7a5df
data/d6-e161FragReordered.csv       bc55acfde66c35d9f120f0afa9dc8c20
data/d7-ready4hyphenation.csv       95d1a29203a4023ce724e25f6e70901b
data/o-concateness.csv              0c715d3e88e43abee7142847f7ada41e
data/d1-lexicon.js                  c52198c752b49e1fbca4280e0ef0cf4f
data/d2-lexicon.csv                 b02e37cc93293955d3fd98424a29d6c8
data/d3-reformed.csv                08e3568d81e49e057e04555e24840038
data/d4-e161.csv                    08384050ff3b500054518ac0856b04da
data/d5-e161Frag.csv                0efbdb2b790ce7890a836a671dc261ab
data/d6-e161FragReordered.csv       f24ee80598bf3a67babc328755bbacc0
data/d7-ready4hyphenation.csv       8e8fbf1e18315b15c6a519cfec114349
data/o-concateness.csv              e3d81ca04bc9266b6fd90a4a6953f9b7
data/d1-lexicon.js                  c52198c752b49e1fbca4280e0ef0cf4f
data/d2-lexicon.csv                 b02e37cc93293955d3fd98424a29d6c8
data/d3-reformed.csv                08e3568d81e49e057e04555e24840038
data/d4-e161.csv                    cc84f6cd15a5fb99dba47448feff9b53
data/d5-e161Frag.csv                fc82e95b8a3da2188c8a7dc14fc56234
data/d6-e161FragReordered.csv       83e8235023c07d8aa2618965bd65b155
data/d7-ready4hyphenation.csv       fd8ab77dc02a550846808df27f22670e
data/o-concateness.csv              ab2d3c23b33f2002871a862b35b6e11a
data/d1-lexicon.js                  c52198c752b49e1fbca4280e0ef0cf4f
data/d2-lexicon.csv                 b02e37cc93293955d3fd98424a29d6c8
data/d3-reformed.csv                08e3568d81e49e057e04555e24840038
data/d4-e161.csv                    9e0abaf10ceba23297687873051786c1
data/d5-e161Frag.csv                76eb08b96d0992396d06cbe071b405b5
data/d6-e161FragReordered.csv       f303799b27773fe6e38a26ab0e34d530
data/d7-ready4hyphenation.csv       65ea78cd9587bded6364177881e9c870
data/o-concateness.csv              b39c6f7c57420b0a85a2f60037173fed
data/d1-lexicon.js                  c52198c752b49e1fbca4280e0ef0cf4f
data/d2-lexicon.csv                 b02e37cc93293955d3fd98424a29d6c8
data/d3-reformed.csv                08e3568d81e49e057e04555e24840038
data/d4-e161.csv                    7cb500c3576027ced5cb3f55a6db43f2
data/d5-e161Frag.csv                e00873f67a301aab4f0cbcbce64620eb
data/d6-e161FragReordered.csv       67d978c22a8b87e7176ac7c8f3dd7151
data/d7-ready4hyphenation.csv       0bb178de34f4ccb59a6bd0803d1a44d3
data/o-concateness.csv              a2761d7f56b1f9cba4cbb7ecee9dda53
data/d1-lexicon.js                  c52198c752b49e1fbca4280e0ef0cf4f
data/d2-lexicon.csv                 b02e37cc93293955d3fd98424a29d6c8
data/d3-reformed.csv                08e3568d81e49e057e04555e24840038
data/d4-e161.csv                    7cb500c3576027ced5cb3f55a6db43f2
data/d5-e161Frag.csv                e00873f67a301aab4f0cbcbce64620eb
data/d6-e161FragReordered.csv       67d978c22a8b87e7176ac7c8f3dd7151
data/d7-ready4hyphenation.csv       0bb178de34f4ccb59a6bd0803d1a44d3
data/o-concateness.csv              a2761d7f56b1f9cba4cbb7ecee9dda53
data/d1-lexicon.js                  c52198c752b49e1fbca4280e0ef0cf4f
data/d2-lexicon.csv                 b02e37cc93293955d3fd98424a29d6c8
data/d3-reformed.csv                08e3568d81e49e057e04555e24840038
data/d4-e161.csv                    939dc25909f49a282dcbb0b4ca0ec1cc
data/d5-e161Frag.csv                16c48c9657b8e40dc6f2c80dd6613312
data/d6-e161FragReordered.csv       42870900f4d60acca4d61e296ba74a1d
data/d7-ready4hyphenation.csv       a86b3805d7c68b5ad8d199198ea95104
data/o-concateness.csv              ab83a240ffec887d81bc3ef40e03e4e2
data/d1-lexicon.js                  c52198c752b49e1fbca4280e0ef0cf4f
data/d2-lexicon.csv                 b02e37cc93293955d3fd98424a29d6c8
data/d3-reformed.csv                08e3568d81e49e057e04555e24840038
data/d4-e161.csv                    939dc25909f49a282dcbb0b4ca0ec1cc
data/d5-e161Frag.csv                16c48c9657b8e40dc6f2c80dd6613312
data/d6-e161FragReordered.csv       42870900f4d60acca4d61e296ba74a1d
data/d7-ready4hyphenation.csv       a86b3805d7c68b5ad8d199198ea95104
data/o-concateness.csv              ab83a240ffec887d81bc3ef40e03e4e2
data/d1-lexicon.js                  c52198c752b49e1fbca4280e0ef0cf4f
data/d2-lexicon.csv                 b02e37cc93293955d3fd98424a29d6c8
data/d3-reformed.csv                08e3568d81e49e057e04555e24840038
data/d4-e161.csv                    978a01399ffcd6e41cdd10fb13d13183
data/d5-e161Frag.csv                1b5bf108d5f94499b862371dcad6c589
data/d6-e161FragReordered.csv       6bc2b5cd124b819dedb23026025d17d2
data/d7-ready4hyphenation.csv       415432f5ef541d30e9abc1dc925171a5
data/o-concateness.csv              e6ebf1c261b5151a2e1fa722eafec5dd
data/d1-lexicon.js                  c52198c752b49e1fbca4280e0ef0cf4f
data/d2-lexicon.csv                 b02e37cc93293955d3fd98424a29d6c8
data/d3-reformed.csv                08e3568d81e49e057e04555e24840038
data/d4-e161.csv                    978a01399ffcd6e41cdd10fb13d13183
data/d5-e161Frag.csv                1b5bf108d5f94499b862371dcad6c589
data/d6-e161FragReordered.csv       6bc2b5cd124b819dedb23026025d17d2
data/d7-ready4hyphenation.csv       415432f5ef541d30e9abc1dc925171a5
data/o-concateness.csv              e6ebf1c261b5151a2e1fa722eafec5dd
data/d1-lexicon.js                  c52198c752b49e1fbca4280e0ef0cf4f
data/d2-lexicon.csv                 b02e37cc93293955d3fd98424a29d6c8
data/d3-reformed.csv                08e3568d81e49e057e04555e24840038
data/d4-e161.csv                    7cb500c3576027ced5cb3f55a6db43f2
data/d5-e161Frag.csv                e00873f67a301aab4f0cbcbce64620eb
data/d6-e161FragReordered.csv       67d978c22a8b87e7176ac7c8f3dd7151
data/d7-ready4hyphenation.csv       0bb178de34f4ccb59a6bd0803d1a44d3
data/o-concateness.csv              a2761d7f56b1f9cba4cbb7ecee9dda53
data/d1-lexicon.js                  c52198c752b49e1fbca4280e0ef0cf4f
data/d2-lexicon.csv                 b02e37cc93293955d3fd98424a29d6c8
data/d3-reformed.csv                08e3568d81e49e057e04555e24840038
data/d4-e161.csv                    7cb500c3576027ced5cb3f55a6db43f2
data/d5-e161Frag.csv                e00873f67a301aab4f0cbcbce64620eb
data/d6-e161FragReordered.csv       67d978c22a8b87e7176ac7c8f3dd7151
data/d7-ready4hyphenation.csv       0bb178de34f4ccb59a6bd0803d1a44d3
data/o-concateness.csv              a2761d7f56b1f9cba4cbb7ecee9dda53
data/d1-lexicon.js                  c52198c752b49e1fbca4280e0ef0cf4f
data/d2-lexicon.csv                 b02e37cc93293955d3fd98424a29d6c8
data/d3-reformed.csv                08e3568d81e49e057e04555e24840038
data/d4-e161.csv                    7cb500c3576027ced5cb3f55a6db43f2
data/d5-e161Frag.csv                e00873f67a301aab4f0cbcbce64620eb
data/d6-e161FragReordered.csv       67d978c22a8b87e7176ac7c8f3dd7151
data/d7-ready4hyphenation.csv       0bb178de34f4ccb59a6bd0803d1a44d3
data/o-concateness.csv              a2761d7f56b1f9cba4cbb7ecee9dda53
data/d1-lexicon.js                  c52198c752b49e1fbca4280e0ef0cf4f
data/d2-lexicon.csv                 b02e37cc93293955d3fd98424a29d6c8
data/d3-reformed.csv                08e3568d81e49e057e04555e24840038
data/d4-e161.csv                    7cb500c3576027ced5cb3f55a6db43f2
data/d5-e161Frag.csv                e00873f67a301aab4f0cbcbce64620eb
data/d6-e161FragReordered.csv       67d978c22a8b87e7176ac7c8f3dd7151
data/d7-ready4hyphenation.csv       0bb178de34f4ccb59a6bd0803d1a44d3
data/o-concateness.csv              a2761d7f56b1f9cba4cbb7ecee9dda53
data/d1-lexicon.js                  c52198c752b49e1fbca4280e0ef0cf4f
data/d2-lexicon.csv                 b02e37cc93293955d3fd98424a29d6c8
data/d3-reformed.csv                08e3568d81e49e057e04555e24840038
data/d4-e161.csv                    7cb500c3576027ced5cb3f55a6db43f2
data/d5-e161Frag.csv                e00873f67a301aab4f0cbcbce64620eb
data/d6-e161FragReordered.csv       67d978c22a8b87e7176ac7c8f3dd7151
data/d7-ready4hyphenation.csv       0bb178de34f4ccb59a6bd0803d1a44d3
data/o-concateness.csv              a2761d7f56b1f9cba4cbb7ecee9dda53
data/d1-lexicon.js                  c52198c752b49e1fbca4280e0ef0cf4f
data/d2-lexicon.csv                 b02e37cc93293955d3fd98424a29d6c8
data/d3-reformed.csv                08e3568d81e49e057e04555e24840038
data/d4-e161.csv                    7cb500c3576027ced5cb3f55a6db43f2
data/d5-e161Frag.csv                e00873f67a301aab4f0cbcbce64620eb
data/d6-e161FragReordered.csv       67d978c22a8b87e7176ac7c8f3dd7151
data/d7-ready4hyphenation.csv       0bb178de34f4ccb59a6bd0803d1a44d3
data/o-concateness.csv              a2761d7f56b1f9cba4cbb7ecee9dda53
data/d1-lexicon.js                  c52198
data/d2-lexicon.csv                 b02e37
data/d3-reformed.csv                08e356
data/d4-e161.csv                    7cb500
data/d1-lexicon.js                  c52198
data/d2-lexicon.csv                 b02e37
data/d3-reformed.csv                08e356
data/d4-e161.csv                    7cb500
data/d1-lexicon.js                  c52198
data/d2-lexicon.csv                 b02e37
data/d3-reformed.csv                08e356
data/d4-e161.csv                    7cb500
data/d5-e161Frag.csv                e00873
data/d6-e161FragReordered.csv       67d978
data/d7-ready4hyphenation.csv       0bb178
data/o-concateness.csv              a2761d
data/d1-lexicon.js                  c52198
data/d2-lexicon.csv                 b02e37
data/d3-reformed.csv                08e356
data/d4-e161.csv                    7cb500
data/d1-lexicon.js                  c52198
data/d2-lexicon.csv                 b02e37
data/d3-reformed.csv                08e356
data/d4-e161.csv                    7cb500
data/d1-lexicon.js                  c52198
data/d2-lexicon.csv                 b02e37
data/d3-reformed.csv                08e356
data/d4-e161.csv                    7cb500
data/d1-lexicon.js                  c52198
data/d2-lexicon.csv                 b02e37
data/d3-reformed.csv                08e356
data/d4-e161.csv                    7cb500
data/d1-lexicon.js                  c52198
data/d2-lexicon.csv                 b02e37
data/d3-reformed.csv                08e356
data/d4-e161.csv                    7cb500
data/d1-lexicon.js                  c52198
data/d2-lexicon.csv                 b02e37
data/d3-reformed.csv                08e356
data/d4-e161.csv                    7cb500
data/d1-lexicon.js                  c52198
data/d2-lexicon.csv                 b02e37
data/d3-reformed.csv                08e356
data/d4-e161.csv                    7cb500
data/d1-lexicon.js                  c52198
data/d2-lexicon.csv                 b02e37
data/d3-reformed.csv                08e356
data/d4-e161.csv                    7cb500
data/d1-lexicon.js                  c52198
data/d2-lexicon.csv                 b02e37
data/d3-reformed.csv                08e356
data/d4-e161.csv                    7cb500
data/d1-lexicon.js                  c52198
data/d2-lexicon.csv                 b02e37
data/d3-reformed.csv                08e356
data/d4-e161.csv                    7cb500
data/d1-lexicon.js                  c52198
data/d2-lexicon.csv                 b02e37
data/d3-reformed.csv                08e356
data/d4-e161.csv                    7cb500
data/d5-e161Frag.csv                d41d8c
data/d6-e161FragReordered.csv       d41d8c
data/d1-lexicon.js                  c52198
data/d2-lexicon.csv                 b02e37
data/d3-reformed.csv                08e356
data/d4-e161.csv                    7cb500
data/d5-e161Frag.csv                d41d8c
data/d6-e161FragReordered.csv       d41d8c
data/d1-lexicon.js                  c52198
data/d2-lexicon.csv                 b02e37
data/d3-reformed.csv                08e356
data/d4-e161.csv                    7cb500
data/d5-e161Frag.csv                d41d8c
data/d6-e161FragReordered.csv       d41d8c
data/d1-lexicon.js                  c52198
data/d2-lexicon.csv                 b02e37
data/d3-reformed.csv                08e356
data/d4-e161.csv                    7cb500
data/d5-e161Frag.csv                d41d8c
data/d6-e161FragReordered.csv       d41d8c
data/d1-lexicon.js                  c52198
data/d2-lexicon.csv                 b02e37
data/d3-reformed.csv                08e356
data/d4-e161.csv                    7cb500
data/d5-e161Frag.csv                d41d8c
data/d6-e161FragReordered.csv       d41d8c
data/d7-ready4hyphenation.csv       d41d8c
data/o-concateness.csv              d41d8c
data/d1-lexicon.js                  c52198
data/d2-lexicon.csv                 b02e37
data/d3-reformed.csv                08e356
data/d4-e161.csv                    7cb500
data/d5-e161Frag.csv                d41d8c
data/d6-e161FragReordered.csv       d41d8c
data/d7-ready4hyphenation.csv       d41d8c
data/o-concateness.csv              d41d8c
data/d1-lexicon.js                  c52198
data/d2-lexicon.csv                 b02e37
data/d3-reformed.csv                08e356
data/d4-e161.csv                    7cb500
data/d5-e161Frag.csv                e00873
data/d6-e161FragReordered.csv       67d978
data/d1-lexicon.js                  c52198
data/d2-lexicon.csv                 b02e37
data/d3-reformed.csv                08e356
data/d4-e161.csv                    7cb500
data/d5-e161Frag.csv                e00873
data/d6-e161FragReordered.csv       67d978
data/d7-ready4hyphenation.csv       0bb178
data/o-concateness.csv              a2761d
data/d1-lexicon.js                  c52198
data/d2-lexicon.csv                 b02e37
data/d3-reformed.csv                08e356
data/d4-e161.csv                    7cb500
data/d5-e161Frag.csv                e00873
data/d6-e161FragReordered.csv       67d978
data/d7-ready4hyphenation.csv       0bb178
data/o-concateness.csv              a2761d
data/d1-lexicon.js                  c52198
data/d2-lexicon.csv                 b02e37
data/d3-reformed.csv                08e356
data/d4-e161.csv                    7cb500
data/d5-e161Frag.csv                e00873
data/d6-e161FragReordered.csv       67d978
data/d7-ready4hyphenation.csv       0bb178
data/o-concateness.csv              a2761d
data/d1-lexicon.js                  c52198
data/d2-lexicon.csv                 b02e37
data/d3-reformed.csv                08e356
data/d4-e161.csv                    7cb500
data/d5-e161Frag.csv                e00873
data/d6-e161FragReordered.csv       67d978
data/d7-ready4hyphenation.csv       0bb178
data/o-concateness.csv              a2761d
data/d1-lexicon.js                  c52198
data/d2-lexicon.csv                 b02e37
data/d3-reformed.csv                08e356
data/d4-e161.csv                    7cb500
data/d5-e161Frag.csv                e00873
data/d6-e161FragReordered.csv       67d978
data/d7-ready4hyphenation.csv       0bb178
data/o-concateness.csv              a2761d
data/d1-lexicon.js                  c52198
data/d2-lexicon.csv                 b02e37
data/d3-reformed.csv                08e356
data/d4-e161.csv                    7cb500
data/d5-e161Frag.csv                e00873
data/d6-e161FragReordered.csv       67d978
data/d7-ready4hyphenation.csv       0bb178
data/o-concateness.csv              a2761d
data/d1-lexicon.js                  c52198
data/d2-lexicon.csv                 b02e37
data/d3-reformed.csv                08e356
data/d4-e161.csv                    7cb500
data/d5-e161Frag.csv                e00873
data/d6-e161FragReordered.csv       67d978
data/d7-ready4hyphenation.csv       0bb178
data/o-concateness.csv              a2761d
data/d1-lexicon.js                  c52198
data/d2-lexicon.csv                 b02e37
data/d3-reformed.csv                08e356
data/d4-e161.csv                    7cb500
data/d5-e161Frag.csv                e00873
data/d6-e161FragReordered.csv       67d978
data/d7-ready4hyphenation.csv       0bb178
data/o-concateness.csv              a2761d
